2025-03-19 22:22:35 +0000 [MT] Initial pipeline context: <IDEDistributionProcessingPipelineContext: 0x7fd0dd054360; archive(resolved)="<IDEArchive: 0x600003211080>", distributionTask(resolved)="2", distributionDestination(resolved)="1", distributionMethod(resolved)="<IDEDistributionMethodiOSAdHoc: 0x60000140d870>", team(resolved)="<IDEProvisioningBasicTeam: 0x600001728200; teamID='RPQ3VF2JBZ', teamName='(null)'>">
	Chain (14, self inclusive):
	<IDEDistributionProcessingPipelineContext: 0x7fd0dd054360; archive = "<IDEArchive: 0x600003211080>", distributionMethod="<IDEDistributionMethodiOSAdHoc: 0x60000140d870>", team="<IDEProvisioningBasicTeam: 0x600001728200; teamID='RPQ3VF2JBZ', teamName='(null)'>">
	<IDEDistributionProcessingPipelineContext: 0x7fd0dd2626d0; archive = "<IDEArchive: 0x600003211080>", distributionMethod="<IDEDistributionMethodiOSAdHoc: 0x60000140d870>", team="<IDEProvisioningBasicTeam: 0x600001728200; teamID='RPQ3VF2JBZ', teamName='(null)'>">
	<IDEDistributionContext: 0x7fd0dd2e6480; archive = "<IDEArchive: 0x600003211080>", distributionMethod="<IDEDistributionMethodiOSAdHoc: 0x60000140d870>", team="<IDEProvisioningBasicTeam: 0x600001728200; teamID='RPQ3VF2JBZ', teamName='(null)'>">
	<IDEDistributionContext: 0x7fd0dd2f88a0; archive = "<IDEArchive: 0x600003211080>", distributionMethod="<IDEDistributionMethodiOSAdHoc: 0x60000140d870>", team="<IDEProvisioningBasicTeam: 0x600001728200; teamID='RPQ3VF2JBZ', teamName='(null)'>">
	<IDEDistributionContext: 0x7fd0dd2f8670; archive = "<IDEArchive: 0x600003211080>", distributionMethod="<IDEDistributionMethodiOSAdHoc: 0x60000140d870>", team="<IDEProvisioningBasicTeam: 0x600001728200; teamID='RPQ3VF2JBZ', teamName='(null)'>">
	<IDEDistributionContext: 0x7fd0dd2f8440; archive = "<IDEArchive: 0x600003211080>", distributionMethod="<IDEDistributionMethodiOSAdHoc: 0x60000140d870>", team="<IDEProvisioningBasicTeam: 0x600001728200; teamID='RPQ3VF2JBZ', teamName='(null)'>">
	<IDEDistributionContext: 0x7fd0dd2e24b0; archive = "<IDEArchive: 0x600003211080>", distributionMethod="<IDEDistributionMethodiOSAdHoc: 0x60000140d870>", team="<IDEProvisioningBasicTeam: 0x600001728200; teamID='RPQ3VF2JBZ', teamName='(null)'>">
	<IDEDistributionContext: 0x7fd0dd107a90; archive = "<IDEArchive: 0x600003211080>", distributionMethod="<IDEDistributionMethodiOSAdHoc: 0x60000140d870>", team="<IDEProvisioningBasicTeam: 0x600001728200; teamID='RPQ3VF2JBZ', teamName='(null)'>">
	<IDEDistributionContext: 0x7fd0dd2f8210; archive = "<IDEArchive: 0x600003211080>", distributionMethod="<IDEDistributionMethodiOSAdHoc: 0x60000140d870>", team="<IDEProvisioningBasicTeam: 0x600001728200; teamID='RPQ3VF2JBZ', teamName='(null)'>">
	<IDEDistributionContext: 0x7fd0dd118ce0; archive = "<IDEArchive: 0x600003211080>", distributionMethod="<IDEDistributionMethodiOSAdHoc: 0x60000140d870>", team="(null)">
	<IDEDistributionContext: 0x7fd0dd2f7fe0; archive = "<IDEArchive: 0x600003211080>", distributionMethod="<IDEDistributionMethodiOSAdHoc: 0x60000140d870>", team="(null)">
	<IDEDistributionContext: 0x7fd0dd2f7db0; archive = "<IDEArchive: 0x600003211080>", distributionMethod="<IDEDistributionMethodiOSAdHoc: 0x60000140d870>", team="(null)">
	<IDEDistributionContext: 0x7fd0cc10bcc0; archive = "<IDEArchive: 0x600003211080>", distributionMethod="<IDEDistributionMethodiOSAdHoc: 0x60000140d870>", team="(null)">
	<IDEDistributionContext: 0x7fd0dd2e4d70; archive = "<IDEArchive: 0x600003211080>", distributionMethod="(null)", team="(null)">
</IDEDistributionProcessingPipelineContext: 0x7fd0dd054360>
2025-03-19 22:22:35 +0000 [MT] Processing step: IDEDistributionCreateDestRootStep
2025-03-19 22:22:35 +0000 [MT] Processing step: IDEDistributionCopyItemStep
2025-03-19 22:22:35 +0000 [MT] Running /usr/bin/ditto '-V' '/Users/fatihsaglam/Developer/GithubActionsDemo/build/GithubActionsDemo.xcarchive/Products/Applications/GithubActionsDemo.app' '/var/folders/lm/td00xx9544ndq0vldpq36cvr0000gn/T/XcodeDistPipeline.~~~CzaODa/Root/Payload/GithubActionsDemo.app'
2025-03-19 22:22:35 +0000  >>> Copying /Users/fatihsaglam/Developer/GithubActionsDemo/build/GithubActionsDemo.xcarchive/Products/Applications/GithubActionsDemo.app 
2025-03-19 22:22:35 +0000  copying file ./_CodeSignature/CodeResources ... 
2025-03-19 22:22:35 +0000  2775 bytes for ./_CodeSignature/CodeResources
2025-03-19 22:22:35 +0000  copying file ./AppIcon60x60@2x.png ... 
2025-03-19 22:22:35 +0000  16867 bytes for ./AppIcon60x60@2x.png
2025-03-19 22:22:35 +0000  copying file ./GithubActionsDemo ... 
2025-03-19 22:22:35 +0000  93184 bytes for ./GithubActionsDemo
2025-03-19 22:22:35 +0000  copying file ./Assets.car ... 
2025-03-19 22:22:35 +0000  62744 bytes for ./Assets.car
2025-03-19 22:22:35 +0000  copying file ./AppIcon76x76@2x~ipad.png ... 
2025-03-19 22:22:35 +0000  25674 bytes for ./AppIcon76x76@2x~ipad.png
2025-03-19 22:22:35 +0000  copying file ./embedded.mobileprovision ... 
2025-03-19 22:22:35 +0000  12234 bytes for ./embedded.mobileprovision
2025-03-19 22:22:35 +0000  copying file ./Info.plist ... 
2025-03-19 22:22:35 +0000  1445 bytes for ./Info.plist
2025-03-19 22:22:35 +0000  copying file ./PkgInfo ... 
2025-03-19 22:22:35 +0000  8 bytes for ./PkgInfo
2025-03-19 22:22:35 +0000 [MT] /usr/bin/ditto exited with 0
2025-03-19 22:22:35 +0000 [MT] Processing step: IDEDistributionEmbedProfileStep
2025-03-19 22:22:35 +0000 [MT] Processing step: IDEDistributionInfoPlistStep
2025-03-19 22:22:35 +0000 [MT] Skipping step: IDEDistributionInfoPlistStep because it said so
2025-03-19 22:22:35 +0000 [MT] Processing step: IDEDistributionAppThinningPlistStep
2025-03-19 22:22:35 +0000 [MT] Skipping step: IDEDistributionAppThinningPlistStep because it said so
2025-03-19 22:22:35 +0000 [MT] Processing step: IDEDistributionCompileBitcodeStep
2025-03-19 22:22:35 +0000 [MT] Skipping step: IDEDistributionCompileBitcodeStep because it said so
2025-03-19 22:22:35 +0000 [MT] Processing step: IDEDistributionCodeSlimmingStep
2025-03-19 22:22:35 +0000 [MT] Processing step: IDEDistributionCopyBCSymbolMapsStep
2025-03-19 22:22:35 +0000 [MT] Skipping step: IDEDistributionCopyBCSymbolMapsStep because it said so
2025-03-19 22:22:35 +0000 [MT] Processing step: IDEDistributionSymbolsStep
2025-03-19 22:22:35 +0000 [MT] Skipping step: IDEDistributionSymbolsStep because it said so
2025-03-19 22:22:35 +0000 [MT] Processing step: IDEDistributionAppThinningStep
2025-03-19 22:22:35 +0000 [MT] Skipping step: IDEDistributionAppThinningStep because it said so
2025-03-19 22:22:35 +0000 [MT] Processing step: IDEDistributionArchThinningStep
2025-03-19 22:22:35 +0000 [MT] Item /Users/fatihsaglam/Developer/GithubActionsDemo/build/GithubActionsDemo.xcarchive/Products/Applications/GithubActionsDemo.app doesn't have the entitlement com.apple.developer.web-browser-engine.host enabled, returning ["arm64e"]
2025-03-19 22:22:35 +0000 [MT] Archs to thin for item /Users/fatihsaglam/Developer/GithubActionsDemo/build/GithubActionsDemo.xcarchive/Products/Applications/GithubActionsDemo.app are ["arm64e"]
2025-03-19 22:22:35 +0000 [MT] Running /Applications/Xcode.app/Contents/Developer/Toolchains/XcodeDefault.xctoolchain/usr/bin/lipo '/var/folders/lm/td00xx9544ndq0vldpq36cvr0000gn/T/XcodeDistPipeline.~~~CzaODa/Root/Payload/GithubActionsDemo.app/GithubActionsDemo' '-verify_arch' 'arm64e'
2025-03-19 22:22:35 +0000 [MT] /Applications/Xcode.app/Contents/Developer/Toolchains/XcodeDefault.xctoolchain/usr/bin/lipo exited with 1
2025-03-19 22:22:35 +0000 [MT] Skipping architecture thinning for item "GithubActionsDemo" because arch "arm64e" wasn't found
2025-03-19 22:22:35 +0000 [MT] Processing step: IDEDistributionODRStep
2025-03-19 22:22:35 +0000 [MT] Processing step: IDEDistributionStripXattrsStep
2025-03-19 22:22:35 +0000 [MT] Skipping stripping extended attributes because the codesign step will strip them.
2025-03-19 22:22:35 +0000 [MT] Processing step: IDEDistributionCodesignStep
2025-03-19 22:22:35 +0000 [MT] Entitlements for <IDEDistributionItem: 0x6000032d7f00; bundleID='com.mfsaglam.GithubActionsDemo', path='<DVTFilePath:0x600003971200:'/Users/fatihsaglam/Developer/GithubActionsDemo/build/GithubActionsDemo.xcarchive/Products/Applications/GithubActionsDemo.app'>', codeSigningInfo='<_DVTCodeSigningInformation_Path: 0x60000350bb10; isSigned='1', isAdHocSigned='0', signingCertificate='<DVTSigningCertificate: 0x600002318480; name='Apple Development: MEHMET FATIH SAGLAM (L3M35C6URJ)', hash='2EFBC1F1A2442540525916DC2E59561DF6CEDF60', serialNumber='5A7431A17D3199F598B6B86BBB75EA4F', certificateKinds='(
    "1.2.840.113635.100.6.1.12",
    "1.2.840.113635.100.6.1.2"
), issueDate='2025-02-07 21:09:10 +0000''>', entitlements='{
    "application-identifier" = "RPQ3VF2JBZ.com.mfsaglam.GithubActionsDemo";
    "com.apple.developer.team-identifier" = RPQ3VF2JBZ;
    "get-task-allow" = 1;
}', teamID='RPQ3VF2JBZ', identifier='com.mfsaglam.GithubActionsDemo', executablePath='<DVTFilePath:0x60000391cc80:'/Users/fatihsaglam/Developer/GithubActionsDemo/build/GithubActionsDemo.xcarchive/Products/Applications/GithubActionsDemo.app/GithubActionsDemo'>', hardenedRuntime='0'>'>: {
    "application-identifier" = "RPQ3VF2JBZ.com.mfsaglam.GithubActionsDemo";
    "com.apple.developer.team-identifier" = RPQ3VF2JBZ;
    "get-task-allow" = 0;
}
2025-03-19 22:22:35 +0000 [MT] Associated App Clip Identifiers Filter: Skipping because "com.apple.developer.associated-appclip-app-identifiers" is not present
2025-03-19 22:22:35 +0000 [MT] Entitlements for <IDEDistributionItem: 0x6000032d7f00; bundleID='com.mfsaglam.GithubActionsDemo', path='<DVTFilePath:0x600003971200:'/Users/fatihsaglam/Developer/GithubActionsDemo/build/GithubActionsDemo.xcarchive/Products/Applications/GithubActionsDemo.app'>', codeSigningInfo='<_DVTCodeSigningInformation_Path: 0x60000350bb10; isSigned='1', isAdHocSigned='0', signingCertificate='<DVTSigningCertificate: 0x6000023186c0; name='Apple Development: MEHMET FATIH SAGLAM (L3M35C6URJ)', hash='2EFBC1F1A2442540525916DC2E59561DF6CEDF60', serialNumber='5A7431A17D3199F598B6B86BBB75EA4F', certificateKinds='(
    "1.2.840.113635.100.6.1.12",
    "1.2.840.113635.100.6.1.2"
), issueDate='2025-02-07 21:09:10 +0000''>', entitlements='{
    "application-identifier" = "RPQ3VF2JBZ.com.mfsaglam.GithubActionsDemo";
    "com.apple.developer.team-identifier" = RPQ3VF2JBZ;
    "get-task-allow" = 1;
}', teamID='RPQ3VF2JBZ', identifier='com.mfsaglam.GithubActionsDemo', executablePath='<DVTFilePath:0x60000391cc80:'/Users/fatihsaglam/Developer/GithubActionsDemo/build/GithubActionsDemo.xcarchive/Products/Applications/GithubActionsDemo.app/GithubActionsDemo'>', hardenedRuntime='0'>'> are: {
    "application-identifier" = "RPQ3VF2JBZ.com.mfsaglam.GithubActionsDemo";
    "com.apple.developer.team-identifier" = RPQ3VF2JBZ;
    "get-task-allow" = 0;
}
2025-03-19 22:22:35 +0000 [MT] Writing entitlements for <IDEDistributionItem: 0x6000032d7f00; bundleID='com.mfsaglam.GithubActionsDemo', path='<DVTFilePath:0x600003971200:'/Users/fatihsaglam/Developer/GithubActionsDemo/build/GithubActionsDemo.xcarchive/Products/Applications/GithubActionsDemo.app'>', codeSigningInfo='<_DVTCodeSigningInformation_Path: 0x60000350bb10; isSigned='1', isAdHocSigned='0', signingCertificate='<DVTSigningCertificate: 0x600002318900; name='Apple Development: MEHMET FATIH SAGLAM (L3M35C6URJ)', hash='2EFBC1F1A2442540525916DC2E59561DF6CEDF60', serialNumber='5A7431A17D3199F598B6B86BBB75EA4F', certificateKinds='(
    "1.2.840.113635.100.6.1.12",
    "1.2.840.113635.100.6.1.2"
), issueDate='2025-02-07 21:09:10 +0000''>', entitlements='{
    "application-identifier" = "RPQ3VF2JBZ.com.mfsaglam.GithubActionsDemo";
    "com.apple.developer.team-identifier" = RPQ3VF2JBZ;
    "get-task-allow" = 1;
}', teamID='RPQ3VF2JBZ', identifier='com.mfsaglam.GithubActionsDemo', executablePath='<DVTFilePath:0x60000391cc80:'/Users/fatihsaglam/Developer/GithubActionsDemo/build/GithubActionsDemo.xcarchive/Products/Applications/GithubActionsDemo.app/GithubActionsDemo'>', hardenedRuntime='0'>'> to: /var/folders/lm/td00xx9544ndq0vldpq36cvr0000gn/T/XcodeDistPipeline.~~~CzaODa/entitlements~~~oRDKC6
2025-03-19 22:22:35 +0000 [MT] Running /usr/bin/codesign '-vvv' '--force' '--sign' '49B58FF456A75C26619885BDF14BC0B8E8D2BA5B' '--entitlements' '/var/folders/lm/td00xx9544ndq0vldpq36cvr0000gn/T/XcodeDistPipeline.~~~CzaODa/entitlements~~~oRDKC6' '--generate-entitlement-der' '--strip-disallowed-xattrs' '--preserve-metadata=identifier,flags,runtime' '/var/folders/lm/td00xx9544ndq0vldpq36cvr0000gn/T/XcodeDistPipeline.~~~CzaODa/Root/Payload/GithubActionsDemo.app'
2025-03-19 22:22:35 +0000  /var/folders/lm/td00xx9544ndq0vldpq36cvr0000gn/T/XcodeDistPipeline.~~~CzaODa/Root/Payload/GithubActionsDemo.app: replacing existing signature
2025-03-19 22:22:35 +0000  /var/folders/lm/td00xx9544ndq0vldpq36cvr0000gn/T/XcodeDistPipeline.~~~CzaODa/Root/Payload/GithubActionsDemo.app: signed app bundle with Mach-O thin (arm64) [com.mfsaglam.GithubActionsDemo]
2025-03-19 22:22:35 +0000 [MT] /usr/bin/codesign exited with 0
2025-03-19 22:22:35 +0000 [MT] Processing step: IDEDistributionZipODRItemStep
2025-03-19 22:22:35 +0000 [MT] Skipping step: IDEDistributionZipODRItemStep because it said so
2025-03-19 22:22:35 +0000 [MT] Processing step: IDEDistributionCreateIPAStep
2025-03-19 22:22:35 +0000 [MT] Running /usr/bin/ditto '-V' '-c' '-k' '--norsrc' '/var/folders/lm/td00xx9544ndq0vldpq36cvr0000gn/T/XcodeDistPipeline.~~~CzaODa/Root' '/var/folders/lm/td00xx9544ndq0vldpq36cvr0000gn/T/XcodeDistPipeline.~~~CzaODa/Packages/GithubActionsDemo.ipa'
2025-03-19 22:22:35 +0000  >>> Copying /var/folders/lm/td00xx9544ndq0vldpq36cvr0000gn/T/XcodeDistPipeline.~~~CzaODa/Root 
2025-03-19 22:22:35 +0000  copying file ./Payload/GithubActionsDemo.app/_CodeSignature/CodeResources ... 
2025-03-19 22:22:35 +0000  2775 bytes for ./Payload/GithubActionsDemo.app/_CodeSignature/CodeResources
2025-03-19 22:22:35 +0000  copying file ./Payload/GithubActionsDemo.app/AppIcon60x60@2x.png ... 
2025-03-19 22:22:35 +0000  16867 bytes for ./Payload/GithubActionsDemo.app/AppIcon60x60@2x.png
copying file ./Payload/GithubActionsDemo.app/GithubActionsDemo ... 
2025-03-19 22:22:35 +0000  93184 bytes for ./Payload/GithubActionsDemo.app/GithubActionsDemo
copying file ./Payload/GithubActionsDemo.app/Assets.car ... 
2025-03-19 22:22:35 +0000  62744 bytes for ./Payload/GithubActionsDemo.app/Assets.car
copying file ./Payload/GithubActionsDemo.app/AppIcon76x76@2x~ipad.png ... 
2025-03-19 22:22:35 +0000  25674 bytes for ./Payload/GithubActionsDemo.app/AppIcon76x76@2x~ipad.png
copying file ./Payload/GithubActionsDemo.app/embedded.mobileprovision ... 
2025-03-19 22:22:35 +0000  14518 bytes for ./Payload/GithubActionsDemo.app/embedded.mobileprovision
2025-03-19 22:22:35 +0000  copying file ./Payload/GithubActionsDemo.app/Info.plist ... 
2025-03-19 22:22:35 +0000  1445 bytes for ./Payload/GithubActionsDemo.app/Info.plist
copying file ./Payload/GithubActionsDemo.app/PkgInfo ... 
8 bytes for ./Payload/GithubActionsDemo.app/PkgInfo
2025-03-19 22:22:35 +0000 [MT] /usr/bin/ditto exited with 0
2025-03-19 22:22:35 +0000 [MT] Processing step: IDEDistributionAppStoreInformationStep
2025-03-19 22:22:35 +0000 [MT] Skipping step: IDEDistributionAppStoreInformationStep because it said so
2025-03-19 22:22:35 +0000 [MT] Processing step: IDEDistributionGenerateProcessedDistributionItems
2025-03-19 22:22:35 +0000 [MT] IDEDistributionItem init <DVTFilePath:0x600003926700:'/var/folders/lm/td00xx9544ndq0vldpq36cvr0000gn/T/XcodeDistPipeline.~~~CzaODa/Root/Payload/GithubActionsDemo.app'>
2025-03-19 22:22:35 +0000 [MT] Processing step: IDEDistributionCreateManifestStep
